# JRE version: OpenJDK Runtime Environment (10.0.1+10) (build 10.0.1+10-Debian-4)
# Java VM: OpenJDK 64-Bit Server VM (10.0.1+10-Debian-4, mixed mode, tiered, compressed oops, g1 gc, linux-amd64)
Heap:
 garbage-first heap   total 313344K, used 311052K [0x00000000c0000000, 0x0000000100000000)
  region size 1024K, 75 young (76800K), 3 survivors (3072K)
 Metaspace       used 165888K, capacity 182278K, committed 184296K, reserved 1210368K
  class space    used 19028K, capacity 23572K, committed 23784K, reserved 1048576K
GC Heap History (10 events):
Event: 124.132 GC heap before
{Heap before GC invocations=55 (full 0):
 garbage-first heap   total 313344K, used 249999K [0x00000000c0000000, 0x0000000100000000)
  region size 1024K, 80 young (81920K), 1 survivors (1024K)
 Metaspace       used 164905K, capacity 183009K, committed 183144K, reserved 1210368K
  class space    used 18445K, capacity 23037K, committed 23144K, reserved 1048576K
}
Event: 124.167 GC heap after
{Heap after GC invocations=56 (full 0):
 garbage-first heap   total 313344K, used 172800K [0x00000000c0000000, 0x0000000100000000)
  region size 1024K, 5 young (5120K), 5 survivors (5120K)
 Metaspace       used 164905K, capacity 183009K, committed 183144K, reserved 1210368K
  class space    used 18445K, capacity 23037K, committed 23144K, reserved 1048576K
}
Event: 146.835 GC heap before
{Heap before GC invocations=57 (full 0):
 garbage-first heap   total 313344K, used 253696K [0x00000000c0000000, 0x0000000100000000)
  region size 1024K, 84 young (86016K), 5 survivors (5120K)
 Metaspace       used 161616K, capacity 178544K, committed 183784K, reserved 1210368K
  class space    used 18476K, capacity 23026K, committed 23272K, reserved 1048576K
}
Event: 146.865 GC heap after
{Heap after GC invocations=58 (full 0):
 garbage-first heap   total 313344K, used 174133K [0x00000000c0000000, 0x0000000100000000)
  region size 1024K, 6 young (6144K), 6 survivors (6144K)
 Metaspace       used 161616K, capacity 178544K, committed 183784K, reserved 1210368K
  class space    used 18476K, capacity 23026K, committed 23272K, reserved 1048576K
}
Event: 147.762 GC heap before
{Heap before GC invocations=58 (full 0):
 garbage-first heap   total 313344K, used 183349K [0x00000000c0000000, 0x0000000100000000)
  region size 1024K, 15 young (15360K), 6 survivors (6144K)
 Metaspace       used 161616K, capacity 178544K, committed 183784K, reserved 1210368K
  class space    used 18476K, capacity 23026K, committed 23272K, reserved 1048576K
}
Event: 147.803 GC heap after
{Heap after GC invocations=59 (full 0):
 garbage-first heap   total 313344K, used 169473K [0x00000000c0000000, 0x0000000100000000)
  region size 1024K, 1 young (1024K), 1 survivors (1024K)
 Metaspace       used 161616K, capacity 178544K, committed 183784K, reserved 1210368K
  class space    used 18476K, capacity 23026K, committed 23272K, reserved 1048576K
}
Event: 225.627 GC heap before
{Heap before GC invocations=59 (full 0):
 garbage-first heap   total 313344K, used 254465K [0x00000000c0000000, 0x0000000100000000)
  region size 1024K, 84 young (86016K), 1 survivors (1024K)
 Metaspace       used 164261K, capacity 181473K, committed 184168K, reserved 1210368K
  class space    used 18871K, capacity 23488K, committed 23656K, reserved 1048576K
}
Event: 225.654 GC heap after
{Heap after GC invocations=60 (full 0):
 garbage-first heap   total 313344K, used 171574K [0x00000000c0000000, 0x0000000100000000)
  region size 1024K, 3 young (3072K), 3 survivors (3072K)
 Metaspace       used 164261K, capacity 181473K, committed 184168K, reserved 1210368K
  class space    used 18871K, capacity 23488K, committed 23656K, reserved 1048576K
}
Event: 238.576 GC heap before
{Heap before GC invocations=60 (full 0):
 garbage-first heap   total 313344K, used 257590K [0x00000000c0000000, 0x0000000100000000)
  region size 1024K, 87 young (89088K), 3 survivors (3072K)
 Metaspace       used 165086K, capacity 182192K, committed 184296K, reserved 1210368K
  class space    used 18951K, capacity 23574K, committed 23784K, reserved 1048576K
}
Event: 238.619 GC heap after
{Heap after GC invocations=61 (full 0):
 garbage-first heap   total 313344K, used 171788K [0x00000000c0000000, 0x0000000100000000)
  region size 1024K, 3 young (3072K), 3 survivors (3072K)
 Metaspace       used 165086K, capacity 182192K, committed 184296K, reserved 1210368K
  class space    used 18951K, capacity 23574K, committed 23784K, reserved 1048576K
}

