# JRE version: OpenJDK Runtime Environment (10.0.1+10) (build 10.0.1+10-Debian-4)
# Java VM: OpenJDK 64-Bit Server VM (10.0.1+10-Debian-4, mixed mode, tiered, compressed oops, g1 gc, linux-amd64)
Heap:
 garbage-first heap   total 403456K, used 239406K [0x00000000c0000000, 0x0000000100000000)
  region size 1024K, 40 young (40960K), 12 survivors (12288K)
 Metaspace       used 154235K, capacity 166797K, committed 167424K, reserved 1193984K
  class space    used 19234K, capacity 23067K, committed 23296K, reserved 1048576K
GC Heap History (10 events):
Event: 868.044 GC heap before
{Heap before GC invocations=57 (full 3):
 garbage-first heap   total 403456K, used 347168K [0x00000000c0000000, 0x0000000100000000)
  region size 1024K, 187 young (191488K), 13 survivors (13312K)
 Metaspace       used 150498K, capacity 162801K, committed 163072K, reserved 1189888K
  class space    used 18843K, capacity 22508K, committed 22528K, reserved 1048576K
}
Event: 868.082 GC heap after
{Heap after GC invocations=58 (full 3):
 garbage-first heap   total 403456K, used 168992K [0x00000000c0000000, 0x0000000100000000)
  region size 1024K, 13 young (13312K), 13 survivors (13312K)
 Metaspace       used 150498K, capacity 162801K, committed 163072K, reserved 1189888K
  class space    used 18843K, capacity 22508K, committed 22528K, reserved 1048576K
}
Event: 908.165 GC heap before
{Heap before GC invocations=58 (full 3):
 garbage-first heap   total 403456K, used 347168K [0x00000000c0000000, 0x0000000100000000)
  region size 1024K, 187 young (191488K), 13 survivors (13312K)
 Metaspace       used 151298K, capacity 163869K, committed 164352K, reserved 1191936K
  class space    used 18927K, capacity 22658K, committed 22784K, reserved 1048576K
}
Event: 908.204 GC heap after
{Heap after GC invocations=59 (full 3):
 garbage-first heap   total 403456K, used 169504K [0x00000000c0000000, 0x0000000100000000)
  region size 1024K, 13 young (13312K), 13 survivors (13312K)
 Metaspace       used 151298K, capacity 163869K, committed 164352K, reserved 1191936K
  class space    used 18927K, capacity 22658K, committed 22784K, reserved 1048576K
}
Event: 985.767 GC heap before
{Heap before GC invocations=59 (full 3):
 garbage-first heap   total 403456K, used 347680K [0x00000000c0000000, 0x0000000100000000)
  region size 1024K, 187 young (191488K), 13 survivors (13312K)
 Metaspace       used 152861K, capacity 165447K, committed 165888K, reserved 1191936K
  class space    used 19122K, capacity 22931K, committed 23040K, reserved 1048576K
}
Event: 985.820 GC heap after
{Heap after GC invocations=60 (full 3):
 garbage-first heap   total 403456K, used 169504K [0x00000000c0000000, 0x0000000100000000)
  region size 1024K, 15 young (15360K), 15 survivors (15360K)
 Metaspace       used 152861K, capacity 165447K, committed 165888K, reserved 1191936K
  class space    used 19122K, capacity 22931K, committed 23040K, reserved 1048576K
}
Event: 1207.439 GC heap before
{Heap before GC invocations=60 (full 3):
 garbage-first heap   total 403456K, used 345632K [0x00000000c0000000, 0x0000000100000000)
  region size 1024K, 187 young (191488K), 15 survivors (15360K)
 Metaspace       used 153620K, capacity 166147K, committed 166272K, reserved 1191936K
  class space    used 19196K, capacity 23100K, committed 23168K, reserved 1048576K
}
Event: 1207.494 GC heap after
{Heap after GC invocations=61 (full 3):
 garbage-first heap   total 403456K, used 168281K [0x00000000c0000000, 0x0000000100000000)
  region size 1024K, 12 young (12288K), 12 survivors (12288K)
 Metaspace       used 153620K, capacity 166147K, committed 166272K, reserved 1191936K
  class space    used 19196K, capacity 23100K, committed 23168K, reserved 1048576K
}
Event: 1210.315 GC heap before
{Heap before GC invocations=61 (full 3):
 garbage-first heap   total 403456K, used 223577K [0x00000000c0000000, 0x0000000100000000)
  region size 1024K, 44 young (45056K), 12 survivors (12288K)
 Metaspace       used 154274K, capacity 166870K, committed 167168K, reserved 1193984K
  class space    used 19273K, capacity 23172K, committed 23296K, reserved 1048576K
}
Event: 1210.370 GC heap after
{Heap after GC invocations=62 (full 3):
 garbage-first heap   total 403456K, used 169774K [0x00000000c0000000, 0x0000000100000000)
  region size 1024K, 12 young (12288K), 12 survivors (12288K)
 Metaspace       used 154274K, capacity 166870K, committed 167168K, reserved 1193984K
  class space    used 19273K, capacity 23172K, committed 23296K, reserved 1048576K
}

